[0.385s] Invoking command in '/home/alan/linker_hand_ros2_sdk/build/gui_control': AMENT_PREFIX_PATH=/home/alan/linker_hand_ros2_sdk/install/linker_hand_ros2_sdk:${AMENT_PREFIX_PATH} PYTHONPATH=/home/alan/linker_hand_ros2_sdk/build/gui_control/prefix_override:/usr/lib/python3/dist-packages/colcon_core/task/python/colcon_distutils_commands:/home/alan/linker_hand_ros2_sdk/install/gui_control/lib/python3.10/site-packages:/home/alan/linker_hand_ros2_sdk/build/linker_hand_ros2_sdk:/home/alan/linker_hand_ros2_sdk/install/linker_hand_ros2_sdk/lib/python3.10/site-packages:${PYTHONPATH} /usr/bin/python3 -W ignore:setup.py install is deprecated -W ignore:easy_install command is deprecated setup.py develop --editable --build-directory /home/alan/linker_hand_ros2_sdk/build/gui_control/build --no-deps symlink_data
[0.547s] running develop
[0.651s] running egg_info
[0.651s] creating gui_control.egg-info
[0.651s] writing gui_control.egg-info/PKG-INFO
[0.651s] writing dependency_links to gui_control.egg-info/dependency_links.txt
[0.651s] writing entry points to gui_control.egg-info/entry_points.txt
[0.651s] writing requirements to gui_control.egg-info/requires.txt
[0.651s] writing top-level names to gui_control.egg-info/top_level.txt
[0.651s] writing manifest file 'gui_control.egg-info/SOURCES.txt'
[0.652s] reading manifest file 'gui_control.egg-info/SOURCES.txt'
[0.652s] writing manifest file 'gui_control.egg-info/SOURCES.txt'
[0.654s] running build_ext
[0.654s] Creating /home/alan/linker_hand_ros2_sdk/install/gui_control/lib/python3.10/site-packages/gui-control.egg-link (link to .)
[0.654s] Installing gui_control script to /home/alan/linker_hand_ros2_sdk/install/gui_control/lib/gui_control
[0.654s] 
[0.654s] Installed /home/alan/linker_hand_ros2_sdk/build/gui_control
[0.654s] running symlink_data
[0.654s] creating /home/alan/linker_hand_ros2_sdk/install/gui_control/share/ament_index
[0.655s] creating /home/alan/linker_hand_ros2_sdk/install/gui_control/share/ament_index/resource_index
[0.655s] creating /home/alan/linker_hand_ros2_sdk/install/gui_control/share/ament_index/resource_index/packages
[0.656s] symbolically linking /home/alan/linker_hand_ros2_sdk/build/gui_control/resource/gui_control -> /home/alan/linker_hand_ros2_sdk/install/gui_control/share/ament_index/resource_index/packages
[0.656s] creating /home/alan/linker_hand_ros2_sdk/install/gui_control/share/gui_control/launch
[0.656s] symbolically linking /home/alan/linker_hand_ros2_sdk/build/gui_control/launch/gui_control.launch.py -> /home/alan/linker_hand_ros2_sdk/install/gui_control/share/gui_control/launch
[0.656s] symbolically linking /home/alan/linker_hand_ros2_sdk/build/gui_control/package.xml -> /home/alan/linker_hand_ros2_sdk/install/gui_control/share/gui_control
[0.673s] Invoked command in '/home/alan/linker_hand_ros2_sdk/build/gui_control' returned '0': AMENT_PREFIX_PATH=/home/alan/linker_hand_ros2_sdk/install/linker_hand_ros2_sdk:${AMENT_PREFIX_PATH} PYTHONPATH=/home/alan/linker_hand_ros2_sdk/build/gui_control/prefix_override:/usr/lib/python3/dist-packages/colcon_core/task/python/colcon_distutils_commands:/home/alan/linker_hand_ros2_sdk/install/gui_control/lib/python3.10/site-packages:/home/alan/linker_hand_ros2_sdk/build/linker_hand_ros2_sdk:/home/alan/linker_hand_ros2_sdk/install/linker_hand_ros2_sdk/lib/python3.10/site-packages:${PYTHONPATH} /usr/bin/python3 -W ignore:setup.py install is deprecated -W ignore:easy_install command is deprecated setup.py develop --editable --build-directory /home/alan/linker_hand_ros2_sdk/build/gui_control/build --no-deps symlink_data
