[0.581s] Invoking command in '/home/alan/linker_hand_ros2_sdk/build/linker_hand_ros2_sdk': PYTHONPATH=/home/alan/linker_hand_ros2_sdk/build/linker_hand_ros2_sdk/prefix_override:/usr/lib/python3/dist-packages/colcon_core/task/python/colcon_distutils_commands:/home/alan/linker_hand_ros2_sdk/install/linker_hand_ros2_sdk/lib/python3.10/site-packages:${PYTHONPATH} /usr/bin/python3 -W ignore:setup.py install is deprecated -W ignore:easy_install command is deprecated setup.py develop --editable --build-directory /home/alan/linker_hand_ros2_sdk/build/linker_hand_ros2_sdk/build --no-deps symlink_data
[0.759s] running develop
[0.875s] running egg_info
[0.875s] writing linker_hand_ros2_sdk.egg-info/PKG-INFO
[0.875s] writing dependency_links to linker_hand_ros2_sdk.egg-info/dependency_links.txt
[0.876s] writing entry points to linker_hand_ros2_sdk.egg-info/entry_points.txt
[0.876s] writing requirements to linker_hand_ros2_sdk.egg-info/requires.txt
[0.876s] writing top-level names to linker_hand_ros2_sdk.egg-info/top_level.txt
[0.878s] reading manifest file 'linker_hand_ros2_sdk.egg-info/SOURCES.txt'
[0.878s] writing manifest file 'linker_hand_ros2_sdk.egg-info/SOURCES.txt'
[0.879s] running build_ext
[0.880s] Creating /home/alan/linker_hand_ros2_sdk/install/linker_hand_ros2_sdk/lib/python3.10/site-packages/linker-hand-ros2-sdk.egg-link (link to .)
[0.880s] Installing linker_hand_advanced_g20 script to /home/alan/linker_hand_ros2_sdk/install/linker_hand_ros2_sdk/lib/linker_hand_ros2_sdk
[0.881s] Installing linker_hand_advanced_l10 script to /home/alan/linker_hand_ros2_sdk/install/linker_hand_ros2_sdk/lib/linker_hand_ros2_sdk
[0.881s] Installing linker_hand_advanced_l6 script to /home/alan/linker_hand_ros2_sdk/install/linker_hand_ros2_sdk/lib/linker_hand_ros2_sdk
[0.881s] Installing linker_hand_advanced_l7 script to /home/alan/linker_hand_ros2_sdk/install/linker_hand_ros2_sdk/lib/linker_hand_ros2_sdk
[0.881s] Installing linker_hand_advanced_o6 script to /home/alan/linker_hand_ros2_sdk/install/linker_hand_ros2_sdk/lib/linker_hand_ros2_sdk
[0.881s] Installing linker_hand_sdk script to /home/alan/linker_hand_ros2_sdk/install/linker_hand_ros2_sdk/lib/linker_hand_ros2_sdk
[0.881s] 
[0.881s] Installed /home/alan/linker_hand_ros2_sdk/build/linker_hand_ros2_sdk
[0.881s] running symlink_data
[0.897s] Invoked command in '/home/alan/linker_hand_ros2_sdk/build/linker_hand_ros2_sdk' returned '0': PYTHONPATH=/home/alan/linker_hand_ros2_sdk/build/linker_hand_ros2_sdk/prefix_override:/usr/lib/python3/dist-packages/colcon_core/task/python/colcon_distutils_commands:/home/alan/linker_hand_ros2_sdk/install/linker_hand_ros2_sdk/lib/python3.10/site-packages:${PYTHONPATH} /usr/bin/python3 -W ignore:setup.py install is deprecated -W ignore:easy_install command is deprecated setup.py develop --editable --build-directory /home/alan/linker_hand_ros2_sdk/build/linker_hand_ros2_sdk/build --no-deps symlink_data
