[0.549s] Invoking command in '/home/alan/linker_hand_ros2_sdk/build/setting_info': PYTHONPATH=/home/alan/linker_hand_ros2_sdk/build/setting_info/prefix_override:/usr/lib/python3/dist-packages/colcon_core/task/python/colcon_distutils_commands:/home/alan/linker_hand_ros2_sdk/install/setting_info/lib/python3.10/site-packages:${PYTHONPATH} /usr/bin/python3 -W ignore:setup.py install is deprecated -W ignore:easy_install command is deprecated setup.py develop --editable --build-directory /home/alan/linker_hand_ros2_sdk/build/setting_info/build --no-deps symlink_data
[0.723s] running develop
[0.843s] running egg_info
[0.843s] creating setting_info.egg-info
[0.843s] writing setting_info.egg-info/PKG-INFO
[0.844s] writing dependency_links to setting_info.egg-info/dependency_links.txt
[0.844s] writing entry points to setting_info.egg-info/entry_points.txt
[0.844s] writing requirements to setting_info.egg-info/requires.txt
[0.844s] writing top-level names to setting_info.egg-info/top_level.txt
[0.844s] writing manifest file 'setting_info.egg-info/SOURCES.txt'
[0.846s] reading manifest file 'setting_info.egg-info/SOURCES.txt'
[0.846s] writing manifest file 'setting_info.egg-info/SOURCES.txt'
[0.848s] running build_ext
[0.848s] Creating /home/alan/linker_hand_ros2_sdk/install/setting_info/lib/python3.10/site-packages/setting-info.egg-link (link to .)
[0.848s] Installing setting_info_node script to /home/alan/linker_hand_ros2_sdk/install/setting_info/lib/setting_info
[0.848s] 
[0.848s] Installed /home/alan/linker_hand_ros2_sdk/build/setting_info
[0.849s] running symlink_data
[0.849s] creating /home/alan/linker_hand_ros2_sdk/install/setting_info/share/ament_index
[0.849s] creating /home/alan/linker_hand_ros2_sdk/install/setting_info/share/ament_index/resource_index
[0.849s] creating /home/alan/linker_hand_ros2_sdk/install/setting_info/share/ament_index/resource_index/packages
[0.849s] symbolically linking /home/alan/linker_hand_ros2_sdk/build/setting_info/resource/setting_info -> /home/alan/linker_hand_ros2_sdk/install/setting_info/share/ament_index/resource_index/packages
[0.849s] symbolically linking /home/alan/linker_hand_ros2_sdk/build/setting_info/package.xml -> /home/alan/linker_hand_ros2_sdk/install/setting_info/share/setting_info
[0.871s] Invoked command in '/home/alan/linker_hand_ros2_sdk/build/setting_info' returned '0': PYTHONPATH=/home/alan/linker_hand_ros2_sdk/build/setting_info/prefix_override:/usr/lib/python3/dist-packages/colcon_core/task/python/colcon_distutils_commands:/home/alan/linker_hand_ros2_sdk/install/setting_info/lib/python3.10/site-packages:${PYTHONPATH} /usr/bin/python3 -W ignore:setup.py install is deprecated -W ignore:easy_install command is deprecated setup.py develop --editable --build-directory /home/alan/linker_hand_ros2_sdk/build/setting_info/build --no-deps symlink_data
