[0.759s] Invoking command in '/home/alan/linker_hand_ros2_sdk/build/linker_hand_ros2_sdk': PYTHONPATH=/home/alan/linker_hand_ros2_sdk/build/linker_hand_ros2_sdk/prefix_override:/usr/lib/python3/dist-packages/colcon_core/task/python/colcon_distutils_commands:/home/alan/linker_hand_ros2_sdk/install/linker_hand_ros2_sdk/lib/python3.10/site-packages:${PYTHONPATH} /usr/bin/python3 -W ignore:setup.py install is deprecated -W ignore:easy_install command is deprecated setup.py develop --editable --build-directory /home/alan/linker_hand_ros2_sdk/build/linker_hand_ros2_sdk/build --no-deps symlink_data
[0.947s] running develop
[1.075s] running egg_info
[1.075s] writing linker_hand_ros2_sdk.egg-info/PKG-INFO
[1.076s] writing dependency_links to linker_hand_ros2_sdk.egg-info/dependency_links.txt
[1.076s] writing entry points to linker_hand_ros2_sdk.egg-info/entry_points.txt
[1.076s] writing requirements to linker_hand_ros2_sdk.egg-info/requires.txt
[1.076s] writing top-level names to linker_hand_ros2_sdk.egg-info/top_level.txt
[1.079s] reading manifest file 'linker_hand_ros2_sdk.egg-info/SOURCES.txt'
[1.080s] writing manifest file 'linker_hand_ros2_sdk.egg-info/SOURCES.txt'
[1.082s] running build_ext
[1.082s] Creating /home/alan/linker_hand_ros2_sdk/install/linker_hand_ros2_sdk/lib/python3.10/site-packages/linker-hand-ros2-sdk.egg-link (link to .)
[1.083s] Installing linker_hand_advanced_g20 script to /home/alan/linker_hand_ros2_sdk/install/linker_hand_ros2_sdk/lib/linker_hand_ros2_sdk
[1.085s] Installing linker_hand_advanced_l10 script to /home/alan/linker_hand_ros2_sdk/install/linker_hand_ros2_sdk/lib/linker_hand_ros2_sdk
[1.085s] Installing linker_hand_advanced_l6 script to /home/alan/linker_hand_ros2_sdk/install/linker_hand_ros2_sdk/lib/linker_hand_ros2_sdk
[1.085s] Installing linker_hand_advanced_l7 script to /home/alan/linker_hand_ros2_sdk/install/linker_hand_ros2_sdk/lib/linker_hand_ros2_sdk
[1.085s] Installing linker_hand_advanced_o6 script to /home/alan/linker_hand_ros2_sdk/install/linker_hand_ros2_sdk/lib/linker_hand_ros2_sdk
[1.085s] Installing linker_hand_sdk script to /home/alan/linker_hand_ros2_sdk/install/linker_hand_ros2_sdk/lib/linker_hand_ros2_sdk
[1.085s] 
[1.085s] Installed /home/alan/linker_hand_ros2_sdk/build/linker_hand_ros2_sdk
[1.085s] running symlink_data
[1.118s] Invoked command in '/home/alan/linker_hand_ros2_sdk/build/linker_hand_ros2_sdk' returned '0': PYTHONPATH=/home/alan/linker_hand_ros2_sdk/build/linker_hand_ros2_sdk/prefix_override:/usr/lib/python3/dist-packages/colcon_core/task/python/colcon_distutils_commands:/home/alan/linker_hand_ros2_sdk/install/linker_hand_ros2_sdk/lib/python3.10/site-packages:${PYTHONPATH} /usr/bin/python3 -W ignore:setup.py install is deprecated -W ignore:easy_install command is deprecated setup.py develop --editable --build-directory /home/alan/linker_hand_ros2_sdk/build/linker_hand_ros2_sdk/build --no-deps symlink_data
