[0.550s] Invoking command in '/home/alan/linker_hand_ros2_sdk/build/graphic_display': AMENT_PREFIX_PATH=/home/alan/linker_hand_ros2_sdk/install/linker_hand_ros2_sdk:${AMENT_PREFIX_PATH} PYTHONPATH=/home/alan/linker_hand_ros2_sdk/build/graphic_display/prefix_override:/usr/lib/python3/dist-packages/colcon_core/task/python/colcon_distutils_commands:/home/alan/linker_hand_ros2_sdk/install/graphic_display/lib/python3.10/site-packages:/home/alan/linker_hand_ros2_sdk/build/linker_hand_ros2_sdk:/home/alan/linker_hand_ros2_sdk/install/linker_hand_ros2_sdk/lib/python3.10/site-packages:${PYTHONPATH} /usr/bin/python3 -W ignore:setup.py install is deprecated -W ignore:easy_install command is deprecated setup.py develop --editable --build-directory /home/alan/linker_hand_ros2_sdk/build/graphic_display/build --no-deps symlink_data
[0.719s] running develop
[0.832s] running egg_info
[0.832s] creating graphic_display.egg-info
[0.832s] writing graphic_display.egg-info/PKG-INFO
[0.832s] writing dependency_links to graphic_display.egg-info/dependency_links.txt
[0.832s] writing entry points to graphic_display.egg-info/entry_points.txt
[0.832s] writing requirements to graphic_display.egg-info/requires.txt
[0.832s] writing top-level names to graphic_display.egg-info/top_level.txt
[0.832s] writing manifest file 'graphic_display.egg-info/SOURCES.txt'
[0.833s] reading manifest file 'graphic_display.egg-info/SOURCES.txt'
[0.834s] writing manifest file 'graphic_display.egg-info/SOURCES.txt'
[0.835s] running build_ext
[0.835s] Creating /home/alan/linker_hand_ros2_sdk/install/graphic_display/lib/python3.10/site-packages/graphic-display.egg-link (link to .)
[0.835s] Installing graphic_display script to /home/alan/linker_hand_ros2_sdk/install/graphic_display/lib/graphic_display
[0.836s] 
[0.836s] Installed /home/alan/linker_hand_ros2_sdk/build/graphic_display
[0.836s] running symlink_data
[0.836s] creating /home/alan/linker_hand_ros2_sdk/install/graphic_display/share/ament_index
[0.836s] creating /home/alan/linker_hand_ros2_sdk/install/graphic_display/share/ament_index/resource_index
[0.836s] creating /home/alan/linker_hand_ros2_sdk/install/graphic_display/share/ament_index/resource_index/packages
[0.836s] symbolically linking /home/alan/linker_hand_ros2_sdk/build/graphic_display/resource/graphic_display -> /home/alan/linker_hand_ros2_sdk/install/graphic_display/share/ament_index/resource_index/packages
[0.836s] symbolically linking /home/alan/linker_hand_ros2_sdk/build/graphic_display/package.xml -> /home/alan/linker_hand_ros2_sdk/install/graphic_display/share/graphic_display
[0.853s] Invoked command in '/home/alan/linker_hand_ros2_sdk/build/graphic_display' returned '0': AMENT_PREFIX_PATH=/home/alan/linker_hand_ros2_sdk/install/linker_hand_ros2_sdk:${AMENT_PREFIX_PATH} PYTHONPATH=/home/alan/linker_hand_ros2_sdk/build/graphic_display/prefix_override:/usr/lib/python3/dist-packages/colcon_core/task/python/colcon_distutils_commands:/home/alan/linker_hand_ros2_sdk/install/graphic_display/lib/python3.10/site-packages:/home/alan/linker_hand_ros2_sdk/build/linker_hand_ros2_sdk:/home/alan/linker_hand_ros2_sdk/install/linker_hand_ros2_sdk/lib/python3.10/site-packages:${PYTHONPATH} /usr/bin/python3 -W ignore:setup.py install is deprecated -W ignore:easy_install command is deprecated setup.py develop --editable --build-directory /home/alan/linker_hand_ros2_sdk/build/graphic_display/build --no-deps symlink_data
