[0.699s] Invoking command in '/home/alan/linker_hand_ros2_sdk/build/pressure_diagram': PYTHONPATH=/home/alan/linker_hand_ros2_sdk/build/pressure_diagram/prefix_override:/usr/lib/python3/dist-packages/colcon_core/task/python/colcon_distutils_commands:/home/alan/linker_hand_ros2_sdk/install/pressure_diagram/lib/python3.10/site-packages:${PYTHONPATH} /usr/bin/python3 -W ignore:setup.py install is deprecated -W ignore:easy_install command is deprecated setup.py develop --editable --build-directory /home/alan/linker_hand_ros2_sdk/build/pressure_diagram/build --no-deps symlink_data
[0.874s] running develop
[0.989s] running egg_info
[0.989s] creating pressure_diagram.egg-info
[0.990s] writing pressure_diagram.egg-info/PKG-INFO
[0.990s] writing dependency_links to pressure_diagram.egg-info/dependency_links.txt
[0.990s] writing entry points to pressure_diagram.egg-info/entry_points.txt
[0.990s] writing requirements to pressure_diagram.egg-info/requires.txt
[0.990s] writing top-level names to pressure_diagram.egg-info/top_level.txt
[0.990s] writing manifest file 'pressure_diagram.egg-info/SOURCES.txt'
[0.992s] reading manifest file 'pressure_diagram.egg-info/SOURCES.txt'
[0.993s] writing manifest file 'pressure_diagram.egg-info/SOURCES.txt'
[0.994s] running build_ext
[0.994s] Creating /home/alan/linker_hand_ros2_sdk/install/pressure_diagram/lib/python3.10/site-packages/pressure-diagram.egg-link (link to .)
[0.995s] Installing pressure_diagram script to /home/alan/linker_hand_ros2_sdk/install/pressure_diagram/lib/pressure_diagram
[0.995s] 
[0.996s] Installed /home/alan/linker_hand_ros2_sdk/build/pressure_diagram
[0.996s] running symlink_data
[0.996s] creating /home/alan/linker_hand_ros2_sdk/install/pressure_diagram/share/ament_index
[0.996s] creating /home/alan/linker_hand_ros2_sdk/install/pressure_diagram/share/ament_index/resource_index
[0.996s] creating /home/alan/linker_hand_ros2_sdk/install/pressure_diagram/share/ament_index/resource_index/packages
[1.000s] symbolically linking /home/alan/linker_hand_ros2_sdk/build/pressure_diagram/resource/pressure_diagram -> /home/alan/linker_hand_ros2_sdk/install/pressure_diagram/share/ament_index/resource_index/packages
[1.000s] symbolically linking /home/alan/linker_hand_ros2_sdk/build/pressure_diagram/package.xml -> /home/alan/linker_hand_ros2_sdk/install/pressure_diagram/share/pressure_diagram
[1.000s] creating /home/alan/linker_hand_ros2_sdk/install/pressure_diagram/share/pressure_diagram/launch
[1.000s] symbolically linking /home/alan/linker_hand_ros2_sdk/build/pressure_diagram/launch/pressure_diagram.launch.py -> /home/alan/linker_hand_ros2_sdk/install/pressure_diagram/share/pressure_diagram/launch
[1.030s] Invoked command in '/home/alan/linker_hand_ros2_sdk/build/pressure_diagram' returned '0': PYTHONPATH=/home/alan/linker_hand_ros2_sdk/build/pressure_diagram/prefix_override:/usr/lib/python3/dist-packages/colcon_core/task/python/colcon_distutils_commands:/home/alan/linker_hand_ros2_sdk/install/pressure_diagram/lib/python3.10/site-packages:${PYTHONPATH} /usr/bin/python3 -W ignore:setup.py install is deprecated -W ignore:easy_install command is deprecated setup.py develop --editable --build-directory /home/alan/linker_hand_ros2_sdk/build/pressure_diagram/build --no-deps symlink_data
